{"timestamp":"2026-07-14T11:53:53.017872Z","level":"info","event":"Filling up the DagBag from /opt/airflow/dags/etl.py","logger":"airflow.dag_processing.dagbag.BundleDagBag","filename":"dagbag.py","lineno":460}
{"timestamp":"2026-07-14T11:53:53.673704Z","level":"info","event":"Skipping registering function get_context because it does not have a class","logger":"great_expectations._docs_decorators","filename":"_docs_decorators.py","lineno":115}
{"timestamp":"2026-07-14T11:53:55.856566Z","level":"warning","event":"/home/airflow/.local/lib/python3.13/site-packages/snowflake/connector/vendored/requests/__init__.py:113: RequestsDependencyWarning: urllib3 (2.7.0) or chardet (6.0.0.post1)/charset_normalizer (3.4.7) doesn't match a supported version!\n  warnings.warn(\n","logger":"py.warnings","filename":"warnings.py","lineno":110}
{"timestamp":"2026-07-14T11:53:56.431173Z","level":"info","event":"Skipping registering function DataSourceManager._register_add_datasource.<locals>.crud_method_info because it is a closure","logger":"great_expectations._docs_decorators","filename":"_docs_decorators.py","lineno":109}
{"timestamp":"2026-07-14T11:53:56.431414Z","level":"info","event":"Skipping registering function DataSourceManager._register_update_datasource.<locals>.crud_method_info because it is a closure","logger":"great_expectations._docs_decorators","filename":"_docs_decorators.py","lineno":109}
{"timestamp":"2026-07-14T11:53:56.431591Z","level":"info","event":"Skipping registering function DataSourceManager._register_add_or_update_datasource.<locals>.crud_method_info because it is a closure","logger":"great_expectations._docs_decorators","filename":"_docs_decorators.py","lineno":109}
{"timestamp":"2026-07-14T11:53:56.431737Z","level":"info","event":"Skipping registering function DataSourceManager._register_delete_datasource.<locals>.crud_method_info because it is a closure","logger":"great_expectations._docs_decorators","filename":"_docs_decorators.py","lineno":109}
{"timestamp":"2026-07-14T11:53:56.437585Z","level":"info","event":"Skipping registering function DataSourceManager._register_add_datasource.<locals>.crud_method_info because it is a closure","logger":"great_expectations._docs_decorators","filename":"_docs_decorators.py","lineno":109}
{"timestamp":"2026-07-14T11:53:56.437777Z","level":"info","event":"Skipping registering function DataSourceManager._register_update_datasource.<locals>.crud_method_info because it is a closure","logger":"great_expectations._docs_decorators","filename":"_docs_decorators.py","lineno":109}
{"timestamp":"2026-07-14T11:53:56.437967Z","level":"info","event":"Skipping registering function DataSourceManager._register_add_or_update_datasource.<locals>.crud_method_info because it is a closure","logger":"great_expectations._docs_decorators","filename":"_docs_decorators.py","lineno":109}
{"timestamp":"2026-07-14T11:53:56.438163Z","level":"info","event":"Skipping registering function DataSourceManager._register_delete_datasource.<locals>.crud_method_info because it is a closure","logger":"great_expectations._docs_decorators","filename":"_docs_decorators.py","lineno":109}
{"timestamp":"2026-07-14T11:53:56.444680Z","level":"info","event":"Skipping registering function DataSourceManager._register_add_datasource.<locals>.crud_method_info because it is a closure","logger":"great_expectations._docs_decorators","filename":"_docs_decorators.py","lineno":109}
{"timestamp":"2026-07-14T11:53:56.444876Z","level":"info","event":"Skipping registering function DataSourceManager._register_update_datasource.<locals>.crud_method_info because it is a closure","logger":"great_expectations._docs_decorators","filename":"_docs_decorators.py","lineno":109}
{"timestamp":"2026-07-14T11:53:56.445027Z","level":"info","event":"Skipping registering function DataSourceManager._register_add_or_update_datasource.<locals>.crud_method_info because it is a closure","logger":"great_expectations._docs_decorators","filename":"_docs_decorators.py","lineno":109}
{"timestamp":"2026-07-14T11:53:56.445185Z","level":"info","event":"Skipping registering function DataSourceManager._register_delete_datasource.<locals>.crud_method_info because it is a closure","logger":"great_expectations._docs_decorators","filename":"_docs_decorators.py","lineno":109}
{"timestamp":"2026-07-14T11:53:56.451526Z","level":"info","event":"Skipping registering function DataSourceManager._register_add_datasource.<locals>.crud_method_info because it is a closure","logger":"great_expectations._docs_decorators","filename":"_docs_decorators.py","lineno":109}
{"timestamp":"2026-07-14T11:53:56.451710Z","level":"info","event":"Skipping registering function DataSourceManager._register_update_datasource.<locals>.crud_method_info because it is a closure","logger":"great_expectations._docs_decorators","filename":"_docs_decorators.py","lineno":109}
{"timestamp":"2026-07-14T11:53:56.451852Z","level":"info","event":"Skipping registering function DataSourceManager._register_add_or_update_datasource.<locals>.crud_method_info because it is a closure","logger":"great_expectations._docs_decorators","filename":"_docs_decorators.py","lineno":109}
{"timestamp":"2026-07-14T11:53:56.451998Z","level":"info","event":"Skipping registering function DataSourceManager._register_delete_datasource.<locals>.crud_method_info because it is a closure","logger":"great_expectations._docs_decorators","filename":"_docs_decorators.py","lineno":109}
{"timestamp":"2026-07-14T11:53:56.455770Z","level":"info","event":"Skipping registering function DataSourceManager._register_add_datasource.<locals>.crud_method_info because it is a closure","logger":"great_expectations._docs_decorators","filename":"_docs_decorators.py","lineno":109}
{"timestamp":"2026-07-14T11:53:56.455897Z","level":"info","event":"Skipping registering function DataSourceManager._register_update_datasource.<locals>.crud_method_info because it is a closure","logger":"great_expectations._docs_decorators","filename":"_docs_decorators.py","lineno":109}
{"timestamp":"2026-07-14T11:53:56.455985Z","level":"info","event":"Skipping registering function DataSourceManager._register_add_or_update_datasource.<locals>.crud_method_info because it is a closure","logger":"great_expectations._docs_decorators","filename":"_docs_decorators.py","lineno":109}
{"timestamp":"2026-07-14T11:53:56.456063Z","level":"info","event":"Skipping registering function DataSourceManager._register_delete_datasource.<locals>.crud_method_info because it is a closure","logger":"great_expectations._docs_decorators","filename":"_docs_decorators.py","lineno":109}
{"timestamp":"2026-07-14T11:53:56.565953Z","level":"info","event":"Skipping registering function DataSourceManager._register_add_datasource.<locals>.crud_method_info because it is a closure","logger":"great_expectations._docs_decorators","filename":"_docs_decorators.py","lineno":109}
{"timestamp":"2026-07-14T11:53:56.566126Z","level":"info","event":"Skipping registering function DataSourceManager._register_update_datasource.<locals>.crud_method_info because it is a closure","logger":"great_expectations._docs_decorators","filename":"_docs_decorators.py","lineno":109}
{"timestamp":"2026-07-14T11:53:56.566215Z","level":"info","event":"Skipping registering function DataSourceManager._register_add_or_update_datasource.<locals>.crud_method_info because it is a closure","logger":"great_expectations._docs_decorators","filename":"_docs_decorators.py","lineno":109}
{"timestamp":"2026-07-14T11:53:56.566294Z","level":"info","event":"Skipping registering function DataSourceManager._register_delete_datasource.<locals>.crud_method_info because it is a closure","logger":"great_expectations._docs_decorators","filename":"_docs_decorators.py","lineno":109}
{"timestamp":"2026-07-14T11:53:56.641939Z","level":"info","event":"Skipping registering function DataSourceManager._bind_asset_factory_method_if_not_present.<locals>._add_asset_factory because it is a closure","logger":"great_expectations._docs_decorators","filename":"_docs_decorators.py","lineno":109}
{"timestamp":"2026-07-14T11:53:56.642311Z","level":"info","event":"Skipping registering function DataSourceManager._bind_asset_factory_method_if_not_present.<locals>._add_asset_factory because it is a closure","logger":"great_expectations._docs_decorators","filename":"_docs_decorators.py","lineno":109}
{"timestamp":"2026-07-14T11:53:56.642597Z","level":"info","event":"Skipping registering function DataSourceManager._bind_asset_factory_method_if_not_present.<locals>._add_asset_factory because it is a closure","logger":"great_expectations._docs_decorators","filename":"_docs_decorators.py","lineno":109}
{"timestamp":"2026-07-14T11:53:56.642866Z","level":"info","event":"Skipping registering function DataSourceManager._bind_asset_factory_method_if_not_present.<locals>._add_asset_factory because it is a closure","logger":"great_expectations._docs_decorators","filename":"_docs_decorators.py","lineno":109}
{"timestamp":"2026-07-14T11:53:56.643137Z","level":"info","event":"Skipping registering function DataSourceManager._bind_asset_factory_method_if_not_present.<locals>._add_asset_factory because it is a closure","logger":"great_expectations._docs_decorators","filename":"_docs_decorators.py","lineno":109}
{"timestamp":"2026-07-14T11:53:56.643480Z","level":"info","event":"Skipping registering function DataSourceManager._bind_asset_factory_method_if_not_present.<locals>._add_asset_factory because it is a closure","logger":"great_expectations._docs_decorators","filename":"_docs_decorators.py","lineno":109}
{"timestamp":"2026-07-14T11:53:56.643801Z","level":"info","event":"Skipping registering function DataSourceManager._bind_asset_factory_method_if_not_present.<locals>._add_asset_factory because it is a closure","logger":"great_expectations._docs_decorators","filename":"_docs_decorators.py","lineno":109}
{"timestamp":"2026-07-14T11:53:56.644071Z","level":"info","event":"Skipping registering function DataSourceManager._bind_asset_factory_method_if_not_present.<locals>._add_asset_factory because it is a closure","logger":"great_expectations._docs_decorators","filename":"_docs_decorators.py","lineno":109}
{"timestamp":"2026-07-14T11:53:56.644344Z","level":"info","event":"Skipping registering function DataSourceManager._bind_asset_factory_method_if_not_present.<locals>._add_asset_factory because it is a closure","logger":"great_expectations._docs_decorators","filename":"_docs_decorators.py","lineno":109}
{"timestamp":"2026-07-14T11:53:56.644622Z","level":"info","event":"Skipping registering function DataSourceManager._bind_asset_factory_method_if_not_present.<locals>._add_asset_factory because it is a closure","logger":"great_expectations._docs_decorators","filename":"_docs_decorators.py","lineno":109}
{"timestamp":"2026-07-14T11:53:56.644890Z","level":"info","event":"Skipping registering function DataSourceManager._bind_asset_factory_method_if_not_present.<locals>._add_asset_factory because it is a closure","logger":"great_expectations._docs_decorators","filename":"_docs_decorators.py","lineno":109}
{"timestamp":"2026-07-14T11:53:56.645153Z","level":"info","event":"Skipping registering function DataSourceManager._bind_asset_factory_method_if_not_present.<locals>._add_asset_factory because it is a closure","logger":"great_expectations._docs_decorators","filename":"_docs_decorators.py","lineno":109}
{"timestamp":"2026-07-14T11:53:56.645496Z","level":"info","event":"Skipping registering function DataSourceManager._bind_asset_factory_method_if_not_present.<locals>._add_asset_factory because it is a closure","logger":"great_expectations._docs_decorators","filename":"_docs_decorators.py","lineno":109}
{"timestamp":"2026-07-14T11:53:56.645814Z","level":"info","event":"Skipping registering function DataSourceManager._bind_asset_factory_method_if_not_present.<locals>._add_asset_factory because it is a closure","logger":"great_expectations._docs_decorators","filename":"_docs_decorators.py","lineno":109}
{"timestamp":"2026-07-14T11:53:56.645997Z","level":"info","event":"Skipping registering function DataSourceManager._register_add_datasource.<locals>.crud_method_info because it is a closure","logger":"great_expectations._docs_decorators","filename":"_docs_decorators.py","lineno":109}
{"timestamp":"2026-07-14T11:53:56.646163Z","level":"info","event":"Skipping registering function DataSourceManager._register_update_datasource.<locals>.crud_method_info because it is a closure","logger":"great_expectations._docs_decorators","filename":"_docs_decorators.py","lineno":109}
{"timestamp":"2026-07-14T11:53:56.646318Z","level":"info","event":"Skipping registering function DataSourceManager._register_add_or_update_datasource.<locals>.crud_method_info because it is a closure","logger":"great_expectations._docs_decorators","filename":"_docs_decorators.py","lineno":109}
{"timestamp":"2026-07-14T11:53:56.646480Z","level":"info","event":"Skipping registering function DataSourceManager._register_delete_datasource.<locals>.crud_method_info because it is a closure","logger":"great_expectations._docs_decorators","filename":"_docs_decorators.py","lineno":109}
{"timestamp":"2026-07-14T11:53:56.650416Z","level":"info","event":"Skipping registering function DataSourceManager._register_add_datasource.<locals>.crud_method_info because it is a closure","logger":"great_expectations._docs_decorators","filename":"_docs_decorators.py","lineno":109}
{"timestamp":"2026-07-14T11:53:56.650587Z","level":"info","event":"Skipping registering function DataSourceManager._register_update_datasource.<locals>.crud_method_info because it is a closure","logger":"great_expectations._docs_decorators","filename":"_docs_decorators.py","lineno":109}
{"timestamp":"2026-07-14T11:53:56.650734Z","level":"info","event":"Skipping registering function DataSourceManager._register_add_or_update_datasource.<locals>.crud_method_info because it is a closure","logger":"great_expectations._docs_decorators","filename":"_docs_decorators.py","lineno":109}
{"timestamp":"2026-07-14T11:53:56.650868Z","level":"info","event":"Skipping registering function DataSourceManager._register_delete_datasource.<locals>.crud_method_info because it is a closure","logger":"great_expectations._docs_decorators","filename":"_docs_decorators.py","lineno":109}
{"timestamp":"2026-07-14T11:53:56.656026Z","level":"info","event":"Skipping registering function DataSourceManager._bind_asset_factory_method_if_not_present.<locals>._add_asset_factory because it is a closure","logger":"great_expectations._docs_decorators","filename":"_docs_decorators.py","lineno":109}
{"timestamp":"2026-07-14T11:53:56.656328Z","level":"info","event":"Skipping registering function DataSourceManager._bind_asset_factory_method_if_not_present.<locals>._add_asset_factory because it is a closure","logger":"great_expectations._docs_decorators","filename":"_docs_decorators.py","lineno":109}
{"timestamp":"2026-07-14T11:53:56.656624Z","level":"info","event":"Skipping registering function DataSourceManager._bind_asset_factory_method_if_not_present.<locals>._add_asset_factory because it is a closure","logger":"great_expectations._docs_decorators","filename":"_docs_decorators.py","lineno":109}
{"timestamp":"2026-07-14T11:53:56.656867Z","level":"info","event":"Skipping registering function DataSourceManager._bind_asset_factory_method_if_not_present.<locals>._add_asset_factory because it is a closure","logger":"great_expectations._docs_decorators","filename":"_docs_decorators.py","lineno":109}
{"timestamp":"2026-07-14T11:53:56.657107Z","level":"info","event":"Skipping registering function DataSourceManager._bind_asset_factory_method_if_not_present.<locals>._add_asset_factory because it is a closure","logger":"great_expectations._docs_decorators","filename":"_docs_decorators.py","lineno":109}
{"timestamp":"2026-07-14T11:53:56.657505Z","level":"info","event":"Skipping registering function DataSourceManager._bind_asset_factory_method_if_not_present.<locals>._add_asset_factory because it is a closure","logger":"great_expectations._docs_decorators","filename":"_docs_decorators.py","lineno":109}
{"timestamp":"2026-07-14T11:53:56.657781Z","level":"info","event":"Skipping registering function DataSourceManager._bind_asset_factory_method_if_not_present.<locals>._add_asset_factory because it is a closure","logger":"great_expectations._docs_decorators","filename":"_docs_decorators.py","lineno":109}
{"timestamp":"2026-07-14T11:53:56.658034Z","level":"info","event":"Skipping registering function DataSourceManager._bind_asset_factory_method_if_not_present.<locals>._add_asset_factory because it is a closure","logger":"great_expectations._docs_decorators","filename":"_docs_decorators.py","lineno":109}
{"timestamp":"2026-07-14T11:53:56.658342Z","level":"info","event":"Skipping registering function DataSourceManager._bind_asset_factory_method_if_not_present.<locals>._add_asset_factory because it is a closure","logger":"great_expectations._docs_decorators","filename":"_docs_decorators.py","lineno":109}
{"timestamp":"2026-07-14T11:53:56.658782Z","level":"info","event":"Skipping registering function DataSourceManager._bind_asset_factory_method_if_not_present.<locals>._add_asset_factory because it is a closure","logger":"great_expectations._docs_decorators","filename":"_docs_decorators.py","lineno":109}
{"timestamp":"2026-07-14T11:53:56.659121Z","level":"info","event":"Skipping registering function DataSourceManager._bind_asset_factory_method_if_not_present.<locals>._add_asset_factory because it is a closure","logger":"great_expectations._docs_decorators","filename":"_docs_decorators.py","lineno":109}
{"timestamp":"2026-07-14T11:53:56.659454Z","level":"info","event":"Skipping registering function DataSourceManager._bind_asset_factory_method_if_not_present.<locals>._add_asset_factory because it is a closure","logger":"great_expectations._docs_decorators","filename":"_docs_decorators.py","lineno":109}
{"timestamp":"2026-07-14T11:53:56.659734Z","level":"info","event":"Skipping registering function DataSourceManager._bind_asset_factory_method_if_not_present.<locals>._add_asset_factory because it is a closure","logger":"great_expectations._docs_decorators","filename":"_docs_decorators.py","lineno":109}
{"timestamp":"2026-07-14T11:53:56.660028Z","level":"info","event":"Skipping registering function DataSourceManager._bind_asset_factory_method_if_not_present.<locals>._add_asset_factory because it is a closure","logger":"great_expectations._docs_decorators","filename":"_docs_decorators.py","lineno":109}
{"timestamp":"2026-07-14T11:53:56.660196Z","level":"info","event":"Skipping registering function DataSourceManager._register_add_datasource.<locals>.crud_method_info because it is a closure","logger":"great_expectations._docs_decorators","filename":"_docs_decorators.py","lineno":109}
{"timestamp":"2026-07-14T11:53:56.660345Z","level":"info","event":"Skipping registering function DataSourceManager._register_update_datasource.<locals>.crud_method_info because it is a closure","logger":"great_expectations._docs_decorators","filename":"_docs_decorators.py","lineno":109}
{"timestamp":"2026-07-14T11:53:56.660495Z","level":"info","event":"Skipping registering function DataSourceManager._register_add_or_update_datasource.<locals>.crud_method_info because it is a closure","logger":"great_expectations._docs_decorators","filename":"_docs_decorators.py","lineno":109}
{"timestamp":"2026-07-14T11:53:56.660642Z","level":"info","event":"Skipping registering function DataSourceManager._register_delete_datasource.<locals>.crud_method_info because it is a closure","logger":"great_expectations._docs_decorators","filename":"_docs_decorators.py","lineno":109}
{"timestamp":"2026-07-14T11:53:56.666401Z","level":"info","event":"Skipping registering function DataSourceManager._bind_asset_factory_method_if_not_present.<locals>._add_asset_factory because it is a closure","logger":"great_expectations._docs_decorators","filename":"_docs_decorators.py","lineno":109}
{"timestamp":"2026-07-14T11:53:56.666672Z","level":"info","event":"Skipping registering function DataSourceManager._bind_asset_factory_method_if_not_present.<locals>._add_asset_factory because it is a closure","logger":"great_expectations._docs_decorators","filename":"_docs_decorators.py","lineno":109}
{"timestamp":"2026-07-14T11:53:56.666898Z","level":"info","event":"Skipping registering function DataSourceManager._bind_asset_factory_method_if_not_present.<locals>._add_asset_factory because it is a closure","logger":"great_expectations._docs_decorators","filename":"_docs_decorators.py","lineno":109}
{"timestamp":"2026-07-14T11:53:56.667119Z","level":"info","event":"Skipping registering function DataSourceManager._bind_asset_factory_method_if_not_present.<locals>._add_asset_factory because it is a closure","logger":"great_expectations._docs_decorators","filename":"_docs_decorators.py","lineno":109}
{"timestamp":"2026-07-14T11:53:56.667374Z","level":"info","event":"Skipping registering function DataSourceManager._bind_asset_factory_method_if_not_present.<locals>._add_asset_factory because it is a closure","logger":"great_expectations._docs_decorators","filename":"_docs_decorators.py","lineno":109}
{"timestamp":"2026-07-14T11:53:56.667608Z","level":"info","event":"Skipping registering function DataSourceManager._bind_asset_factory_method_if_not_present.<locals>._add_asset_factory because it is a closure","logger":"great_expectations._docs_decorators","filename":"_docs_decorators.py","lineno":109}
{"timestamp":"2026-07-14T11:53:56.667845Z","level":"info","event":"Skipping registering function DataSourceManager._bind_asset_factory_method_if_not_present.<locals>._add_asset_factory because it is a closure","logger":"great_expectations._docs_decorators","filename":"_docs_decorators.py","lineno":109}
{"timestamp":"2026-07-14T11:53:56.668060Z","level":"info","event":"Skipping registering function DataSourceManager._bind_asset_factory_method_if_not_present.<locals>._add_asset_factory because it is a closure","logger":"great_expectations._docs_decorators","filename":"_docs_decorators.py","lineno":109}
{"timestamp":"2026-07-14T11:53:56.668278Z","level":"info","event":"Skipping registering function DataSourceManager._bind_asset_factory_method_if_not_present.<locals>._add_asset_factory because it is a closure","logger":"great_expectations._docs_decorators","filename":"_docs_decorators.py","lineno":109}
{"timestamp":"2026-07-14T11:53:56.668501Z","level":"info","event":"Skipping registering function DataSourceManager._bind_asset_factory_method_if_not_present.<locals>._add_asset_factory because it is a closure","logger":"great_expectations._docs_decorators","filename":"_docs_decorators.py","lineno":109}
{"timestamp":"2026-07-14T11:53:56.668732Z","level":"info","event":"Skipping registering function DataSourceManager._bind_asset_factory_method_if_not_present.<locals>._add_asset_factory because it is a closure","logger":"great_expectations._docs_decorators","filename":"_docs_decorators.py","lineno":109}
{"timestamp":"2026-07-14T11:53:56.668963Z","level":"info","event":"Skipping registering function DataSourceManager._bind_asset_factory_method_if_not_present.<locals>._add_asset_factory because it is a closure","logger":"great_expectations._docs_decorators","filename":"_docs_decorators.py","lineno":109}
{"timestamp":"2026-07-14T11:53:56.669253Z","level":"info","event":"Skipping registering function DataSourceManager._bind_asset_factory_method_if_not_present.<locals>._add_asset_factory because it is a closure","logger":"great_expectations._docs_decorators","filename":"_docs_decorators.py","lineno":109}
{"timestamp":"2026-07-14T11:53:56.669544Z","level":"info","event":"Skipping registering function DataSourceManager._bind_asset_factory_method_if_not_present.<locals>._add_asset_factory because it is a closure","logger":"great_expectations._docs_decorators","filename":"_docs_decorators.py","lineno":109}
{"timestamp":"2026-07-14T11:53:56.669696Z","level":"info","event":"Skipping registering function DataSourceManager._register_add_datasource.<locals>.crud_method_info because it is a closure","logger":"great_expectations._docs_decorators","filename":"_docs_decorators.py","lineno":109}
{"timestamp":"2026-07-14T11:53:56.669839Z","level":"info","event":"Skipping registering function DataSourceManager._register_update_datasource.<locals>.crud_method_info because it is a closure","logger":"great_expectations._docs_decorators","filename":"_docs_decorators.py","lineno":109}
{"timestamp":"2026-07-14T11:53:56.669973Z","level":"info","event":"Skipping registering function DataSourceManager._register_add_or_update_datasource.<locals>.crud_method_info because it is a closure","logger":"great_expectations._docs_decorators","filename":"_docs_decorators.py","lineno":109}
{"timestamp":"2026-07-14T11:53:56.670103Z","level":"info","event":"Skipping registering function DataSourceManager._register_delete_datasource.<locals>.crud_method_info because it is a closure","logger":"great_expectations._docs_decorators","filename":"_docs_decorators.py","lineno":109}
{"timestamp":"2026-07-14T11:53:56.674819Z","level":"info","event":"Skipping registering function DataSourceManager._bind_asset_factory_method_if_not_present.<locals>._add_asset_factory because it is a closure","logger":"great_expectations._docs_decorators","filename":"_docs_decorators.py","lineno":109}
{"timestamp":"2026-07-14T11:53:56.675152Z","level":"info","event":"Skipping registering function DataSourceManager._bind_asset_factory_method_if_not_present.<locals>._add_asset_factory because it is a closure","logger":"great_expectations._docs_decorators","filename":"_docs_decorators.py","lineno":109}
{"timestamp":"2026-07-14T11:53:56.675524Z","level":"info","event":"Skipping registering function DataSourceManager._bind_asset_factory_method_if_not_present.<locals>._add_asset_factory because it is a closure","logger":"great_expectations._docs_decorators","filename":"_docs_decorators.py","lineno":109}
{"timestamp":"2026-07-14T11:53:56.675856Z","level":"info","event":"Skipping registering function DataSourceManager._bind_asset_factory_method_if_not_present.<locals>._add_asset_factory because it is a closure","logger":"great_expectations._docs_decorators","filename":"_docs_decorators.py","lineno":109}
{"timestamp":"2026-07-14T11:53:56.676179Z","level":"info","event":"Skipping registering function DataSourceManager._bind_asset_factory_method_if_not_present.<locals>._add_asset_factory because it is a closure","logger":"great_expectations._docs_decorators","filename":"_docs_decorators.py","lineno":109}
{"timestamp":"2026-07-14T11:53:56.676462Z","level":"info","event":"Skipping registering function DataSourceManager._bind_asset_factory_method_if_not_present.<locals>._add_asset_factory because it is a closure","logger":"great_expectations._docs_decorators","filename":"_docs_decorators.py","lineno":109}
{"timestamp":"2026-07-14T11:53:56.676703Z","level":"info","event":"Skipping registering function DataSourceManager._bind_asset_factory_method_if_not_present.<locals>._add_asset_factory because it is a closure","logger":"great_expectations._docs_decorators","filename":"_docs_decorators.py","lineno":109}
{"timestamp":"2026-07-14T11:53:56.676935Z","level":"info","event":"Skipping registering function DataSourceManager._bind_asset_factory_method_if_not_present.<locals>._add_asset_factory because it is a closure","logger":"great_expectations._docs_decorators","filename":"_docs_decorators.py","lineno":109}
{"timestamp":"2026-07-14T11:53:56.677202Z","level":"info","event":"Skipping registering function DataSourceManager._bind_asset_factory_method_if_not_present.<locals>._add_asset_factory because it is a closure","logger":"great_expectations._docs_decorators","filename":"_docs_decorators.py","lineno":109}
{"timestamp":"2026-07-14T11:53:56.677590Z","level":"info","event":"Skipping registering function DataSourceManager._bind_asset_factory_method_if_not_present.<locals>._add_asset_factory because it is a closure","logger":"great_expectations._docs_decorators","filename":"_docs_decorators.py","lineno":109}
{"timestamp":"2026-07-14T11:53:56.677884Z","level":"info","event":"Skipping registering function DataSourceManager._bind_asset_factory_method_if_not_present.<locals>._add_asset_factory because it is a closure","logger":"great_expectations._docs_decorators","filename":"_docs_decorators.py","lineno":109}
{"timestamp":"2026-07-14T11:53:56.678152Z","level":"info","event":"Skipping registering function DataSourceManager._bind_asset_factory_method_if_not_present.<locals>._add_asset_factory because it is a closure","logger":"great_expectations._docs_decorators","filename":"_docs_decorators.py","lineno":109}
{"timestamp":"2026-07-14T11:53:56.678396Z","level":"info","event":"Skipping registering function DataSourceManager._bind_asset_factory_method_if_not_present.<locals>._add_asset_factory because it is a closure","logger":"great_expectations._docs_decorators","filename":"_docs_decorators.py","lineno":109}
{"timestamp":"2026-07-14T11:53:56.678630Z","level":"info","event":"Skipping registering function DataSourceManager._bind_asset_factory_method_if_not_present.<locals>._add_asset_factory because it is a closure","logger":"great_expectations._docs_decorators","filename":"_docs_decorators.py","lineno":109}
{"timestamp":"2026-07-14T11:53:56.678803Z","level":"info","event":"Skipping registering function DataSourceManager._register_add_datasource.<locals>.crud_method_info because it is a closure","logger":"great_expectations._docs_decorators","filename":"_docs_decorators.py","lineno":109}
{"timestamp":"2026-07-14T11:53:56.678956Z","level":"info","event":"Skipping registering function DataSourceManager._register_update_datasource.<locals>.crud_method_info because it is a closure","logger":"great_expectations._docs_decorators","filename":"_docs_decorators.py","lineno":109}
{"timestamp":"2026-07-14T11:53:56.679120Z","level":"info","event":"Skipping registering function DataSourceManager._register_add_or_update_datasource.<locals>.crud_method_info because it is a closure","logger":"great_expectations._docs_decorators","filename":"_docs_decorators.py","lineno":109}
{"timestamp":"2026-07-14T11:53:56.679317Z","level":"info","event":"Skipping registering function DataSourceManager._register_delete_datasource.<locals>.crud_method_info because it is a closure","logger":"great_expectations._docs_decorators","filename":"_docs_decorators.py","lineno":109}
{"timestamp":"2026-07-14T11:53:56.698097Z","level":"info","event":"Skipping registering function DataSourceManager._register_add_datasource.<locals>.crud_method_info because it is a closure","logger":"great_expectations._docs_decorators","filename":"_docs_decorators.py","lineno":109}
{"timestamp":"2026-07-14T11:53:56.698317Z","level":"info","event":"Skipping registering function DataSourceManager._register_update_datasource.<locals>.crud_method_info because it is a closure","logger":"great_expectations._docs_decorators","filename":"_docs_decorators.py","lineno":109}
{"timestamp":"2026-07-14T11:53:56.698464Z","level":"info","event":"Skipping registering function DataSourceManager._register_add_or_update_datasource.<locals>.crud_method_info because it is a closure","logger":"great_expectations._docs_decorators","filename":"_docs_decorators.py","lineno":109}
{"timestamp":"2026-07-14T11:53:56.698596Z","level":"info","event":"Skipping registering function DataSourceManager._register_delete_datasource.<locals>.crud_method_info because it is a closure","logger":"great_expectations._docs_decorators","filename":"_docs_decorators.py","lineno":109}
{"timestamp":"2026-07-14T11:53:56.718542Z","level":"info","event":"Skipping registering function DataSourceManager._register_add_datasource.<locals>.crud_method_info because it is a closure","logger":"great_expectations._docs_decorators","filename":"_docs_decorators.py","lineno":109}
{"timestamp":"2026-07-14T11:53:56.718725Z","level":"info","event":"Skipping registering function DataSourceManager._register_update_datasource.<locals>.crud_method_info because it is a closure","logger":"great_expectations._docs_decorators","filename":"_docs_decorators.py","lineno":109}
{"timestamp":"2026-07-14T11:53:56.718829Z","level":"info","event":"Skipping registering function DataSourceManager._register_add_or_update_datasource.<locals>.crud_method_info because it is a closure","logger":"great_expectations._docs_decorators","filename":"_docs_decorators.py","lineno":109}
{"timestamp":"2026-07-14T11:53:56.718921Z","level":"info","event":"Skipping registering function DataSourceManager._register_delete_datasource.<locals>.crud_method_info because it is a closure","logger":"great_expectations._docs_decorators","filename":"_docs_decorators.py","lineno":109}
{"timestamp":"2026-07-14T11:53:56.722772Z","level":"info","event":"Skipping registering function DataSourceManager._register_add_datasource.<locals>.crud_method_info because it is a closure","logger":"great_expectations._docs_decorators","filename":"_docs_decorators.py","lineno":109}
{"timestamp":"2026-07-14T11:53:56.722915Z","level":"info","event":"Skipping registering function DataSourceManager._register_update_datasource.<locals>.crud_method_info because it is a closure","logger":"great_expectations._docs_decorators","filename":"_docs_decorators.py","lineno":109}
{"timestamp":"2026-07-14T11:53:56.723014Z","level":"info","event":"Skipping registering function DataSourceManager._register_add_or_update_datasource.<locals>.crud_method_info because it is a closure","logger":"great_expectations._docs_decorators","filename":"_docs_decorators.py","lineno":109}
{"timestamp":"2026-07-14T11:53:56.723106Z","level":"info","event":"Skipping registering function DataSourceManager._register_delete_datasource.<locals>.crud_method_info because it is a closure","logger":"great_expectations._docs_decorators","filename":"_docs_decorators.py","lineno":109}
{"timestamp":"2026-07-14T11:53:56.727503Z","level":"info","event":"Skipping registering function DataSourceManager._register_add_datasource.<locals>.crud_method_info because it is a closure","logger":"great_expectations._docs_decorators","filename":"_docs_decorators.py","lineno":109}
{"timestamp":"2026-07-14T11:53:56.727688Z","level":"info","event":"Skipping registering function DataSourceManager._register_update_datasource.<locals>.crud_method_info because it is a closure","logger":"great_expectations._docs_decorators","filename":"_docs_decorators.py","lineno":109}
{"timestamp":"2026-07-14T11:53:56.727809Z","level":"info","event":"Skipping registering function DataSourceManager._register_add_or_update_datasource.<locals>.crud_method_info because it is a closure","logger":"great_expectations._docs_decorators","filename":"_docs_decorators.py","lineno":109}
{"timestamp":"2026-07-14T11:53:56.727916Z","level":"info","event":"Skipping registering function DataSourceManager._register_delete_datasource.<locals>.crud_method_info because it is a closure","logger":"great_expectations._docs_decorators","filename":"_docs_decorators.py","lineno":109}
{"timestamp":"2026-07-14T11:53:56.731589Z","level":"info","event":"Skipping registering function DataSourceManager._register_add_datasource.<locals>.crud_method_info because it is a closure","logger":"great_expectations._docs_decorators","filename":"_docs_decorators.py","lineno":109}
{"timestamp":"2026-07-14T11:53:56.731883Z","level":"info","event":"Skipping registering function DataSourceManager._register_update_datasource.<locals>.crud_method_info because it is a closure","logger":"great_expectations._docs_decorators","filename":"_docs_decorators.py","lineno":109}
{"timestamp":"2026-07-14T11:53:56.732034Z","level":"info","event":"Skipping registering function DataSourceManager._register_add_or_update_datasource.<locals>.crud_method_info because it is a closure","logger":"great_expectations._docs_decorators","filename":"_docs_decorators.py","lineno":109}
{"timestamp":"2026-07-14T11:53:56.732120Z","level":"info","event":"Skipping registering function DataSourceManager._register_delete_datasource.<locals>.crud_method_info because it is a closure","logger":"great_expectations._docs_decorators","filename":"_docs_decorators.py","lineno":109}
{"timestamp":"2026-07-14T11:53:56.775233Z","level":"info","event":"Multiple declarations of metric table.column_types for engine PandasExecutionEngine.","logger":"great_expectations.expectations.registry","filename":"registry.py","lineno":290}
{"timestamp":"2026-07-14T11:53:56.775480Z","level":"info","event":"Multiple declarations of metric table.column_types for engine SparkDFExecutionEngine.","logger":"great_expectations.expectations.registry","filename":"registry.py","lineno":290}
{"timestamp":"2026-07-14T11:53:56.782801Z","level":"info","event":"Skipping registering function DataSourceManager._register_add_datasource.<locals>.crud_method_info because it is a closure","logger":"great_expectations._docs_decorators","filename":"_docs_decorators.py","lineno":109}
{"timestamp":"2026-07-14T11:53:56.782975Z","level":"info","event":"Skipping registering function DataSourceManager._register_update_datasource.<locals>.crud_method_info because it is a closure","logger":"great_expectations._docs_decorators","filename":"_docs_decorators.py","lineno":109}
{"timestamp":"2026-07-14T11:53:56.783124Z","level":"info","event":"Skipping registering function DataSourceManager._register_add_or_update_datasource.<locals>.crud_method_info because it is a closure","logger":"great_expectations._docs_decorators","filename":"_docs_decorators.py","lineno":109}
{"timestamp":"2026-07-14T11:53:56.783250Z","level":"info","event":"Skipping registering function DataSourceManager._register_delete_datasource.<locals>.crud_method_info because it is a closure","logger":"great_expectations._docs_decorators","filename":"_docs_decorators.py","lineno":109}
{"timestamp":"2026-07-14T11:53:56.792522Z","level":"info","event":"Skipping registering function DataSourceManager._register_add_datasource.<locals>.crud_method_info because it is a closure","logger":"great_expectations._docs_decorators","filename":"_docs_decorators.py","lineno":109}
{"timestamp":"2026-07-14T11:53:56.792748Z","level":"info","event":"Skipping registering function DataSourceManager._register_update_datasource.<locals>.crud_method_info because it is a closure","logger":"great_expectations._docs_decorators","filename":"_docs_decorators.py","lineno":109}
{"timestamp":"2026-07-14T11:53:56.792865Z","level":"info","event":"Skipping registering function DataSourceManager._register_add_or_update_datasource.<locals>.crud_method_info because it is a closure","logger":"great_expectations._docs_decorators","filename":"_docs_decorators.py","lineno":109}
{"timestamp":"2026-07-14T11:53:56.792965Z","level":"info","event":"Skipping registering function DataSourceManager._register_delete_datasource.<locals>.crud_method_info because it is a closure","logger":"great_expectations._docs_decorators","filename":"_docs_decorators.py","lineno":109}
{"timestamp":"2026-07-14T11:53:56.922713Z","level":"info","event":"Skipping registering function DataSourceManager._bind_asset_factory_method_if_not_present.<locals>._add_asset_factory because it is a closure","logger":"great_expectations._docs_decorators","filename":"_docs_decorators.py","lineno":109}
{"timestamp":"2026-07-14T11:53:56.923102Z","level":"info","event":"Skipping registering function DataSourceManager._bind_asset_factory_method_if_not_present.<locals>._add_asset_factory because it is a closure","logger":"great_expectations._docs_decorators","filename":"_docs_decorators.py","lineno":109}
{"timestamp":"2026-07-14T11:53:56.923401Z","level":"info","event":"Skipping registering function DataSourceManager._bind_asset_factory_method_if_not_present.<locals>._add_asset_factory because it is a closure","logger":"great_expectations._docs_decorators","filename":"_docs_decorators.py","lineno":109}
{"timestamp":"2026-07-14T11:53:56.923749Z","level":"info","event":"Skipping registering function DataSourceManager._bind_asset_factory_method_if_not_present.<locals>._add_asset_factory because it is a closure","logger":"great_expectations._docs_decorators","filename":"_docs_decorators.py","lineno":109}
{"timestamp":"2026-07-14T11:53:56.924089Z","level":"info","event":"Skipping registering function DataSourceManager._bind_asset_factory_method_if_not_present.<locals>._add_asset_factory because it is a closure","logger":"great_expectations._docs_decorators","filename":"_docs_decorators.py","lineno":109}
{"timestamp":"2026-07-14T11:53:56.924432Z","level":"info","event":"Skipping registering function DataSourceManager._bind_asset_factory_method_if_not_present.<locals>._add_asset_factory because it is a closure","logger":"great_expectations._docs_decorators","filename":"_docs_decorators.py","lineno":109}
{"timestamp":"2026-07-14T11:53:56.924781Z","level":"info","event":"Skipping registering function DataSourceManager._bind_asset_factory_method_if_not_present.<locals>._add_asset_factory because it is a closure","logger":"great_expectations._docs_decorators","filename":"_docs_decorators.py","lineno":109}
{"timestamp":"2026-07-14T11:53:56.925162Z","level":"info","event":"Skipping registering function DataSourceManager._bind_asset_factory_method_if_not_present.<locals>._add_asset_factory because it is a closure","logger":"great_expectations._docs_decorators","filename":"_docs_decorators.py","lineno":109}
{"timestamp":"2026-07-14T11:53:56.925778Z","level":"info","event":"Skipping registering function DataSourceManager._bind_asset_factory_method_if_not_present.<locals>._add_asset_factory because it is a closure","logger":"great_expectations._docs_decorators","filename":"_docs_decorators.py","lineno":109}
{"timestamp":"2026-07-14T11:53:56.926233Z","level":"info","event":"Skipping registering function DataSourceManager._bind_asset_factory_method_if_not_present.<locals>._add_asset_factory because it is a closure","logger":"great_expectations._docs_decorators","filename":"_docs_decorators.py","lineno":109}
{"timestamp":"2026-07-14T11:53:56.926528Z","level":"info","event":"Skipping registering function DataSourceManager._bind_asset_factory_method_if_not_present.<locals>._add_asset_factory because it is a closure","logger":"great_expectations._docs_decorators","filename":"_docs_decorators.py","lineno":109}
{"timestamp":"2026-07-14T11:53:56.926771Z","level":"info","event":"Skipping registering function DataSourceManager._bind_asset_factory_method_if_not_present.<locals>._add_asset_factory because it is a closure","logger":"great_expectations._docs_decorators","filename":"_docs_decorators.py","lineno":109}
{"timestamp":"2026-07-14T11:53:56.926937Z","level":"info","event":"Skipping registering function DataSourceManager._register_add_datasource.<locals>.crud_method_info because it is a closure","logger":"great_expectations._docs_decorators","filename":"_docs_decorators.py","lineno":109}
{"timestamp":"2026-07-14T11:53:56.927103Z","level":"info","event":"Skipping registering function DataSourceManager._register_update_datasource.<locals>.crud_method_info because it is a closure","logger":"great_expectations._docs_decorators","filename":"_docs_decorators.py","lineno":109}
{"timestamp":"2026-07-14T11:53:56.927367Z","level":"info","event":"Skipping registering function DataSourceManager._register_add_or_update_datasource.<locals>.crud_method_info because it is a closure","logger":"great_expectations._docs_decorators","filename":"_docs_decorators.py","lineno":109}
{"timestamp":"2026-07-14T11:53:56.927586Z","level":"info","event":"Skipping registering function DataSourceManager._register_delete_datasource.<locals>.crud_method_info because it is a closure","logger":"great_expectations._docs_decorators","filename":"_docs_decorators.py","lineno":109}
{"timestamp":"2026-07-14T11:53:56.936025Z","level":"info","event":"Skipping registering function DataSourceManager._register_add_datasource.<locals>.crud_method_info because it is a closure","logger":"great_expectations._docs_decorators","filename":"_docs_decorators.py","lineno":109}
{"timestamp":"2026-07-14T11:53:56.936298Z","level":"info","event":"Skipping registering function DataSourceManager._register_update_datasource.<locals>.crud_method_info because it is a closure","logger":"great_expectations._docs_decorators","filename":"_docs_decorators.py","lineno":109}
{"timestamp":"2026-07-14T11:53:56.936432Z","level":"info","event":"Skipping registering function DataSourceManager._register_add_or_update_datasource.<locals>.crud_method_info because it is a closure","logger":"great_expectations._docs_decorators","filename":"_docs_decorators.py","lineno":109}
{"timestamp":"2026-07-14T11:53:56.936555Z","level":"info","event":"Skipping registering function DataSourceManager._register_delete_datasource.<locals>.crud_method_info because it is a closure","logger":"great_expectations._docs_decorators","filename":"_docs_decorators.py","lineno":109}
{"timestamp":"2026-07-14T11:53:56.943951Z","level":"info","event":"Skipping registering function DataSourceManager._bind_asset_factory_method_if_not_present.<locals>._add_asset_factory because it is a closure","logger":"great_expectations._docs_decorators","filename":"_docs_decorators.py","lineno":109}
{"timestamp":"2026-07-14T11:53:56.944258Z","level":"info","event":"Skipping registering function DataSourceManager._bind_asset_factory_method_if_not_present.<locals>._add_asset_factory because it is a closure","logger":"great_expectations._docs_decorators","filename":"_docs_decorators.py","lineno":109}
{"timestamp":"2026-07-14T11:53:56.944483Z","level":"info","event":"Skipping registering function DataSourceManager._bind_asset_factory_method_if_not_present.<locals>._add_asset_factory because it is a closure","logger":"great_expectations._docs_decorators","filename":"_docs_decorators.py","lineno":109}
{"timestamp":"2026-07-14T11:53:56.944685Z","level":"info","event":"Skipping registering function DataSourceManager._bind_asset_factory_method_if_not_present.<locals>._add_asset_factory because it is a closure","logger":"great_expectations._docs_decorators","filename":"_docs_decorators.py","lineno":109}
{"timestamp":"2026-07-14T11:53:56.944910Z","level":"info","event":"Skipping registering function DataSourceManager._bind_asset_factory_method_if_not_present.<locals>._add_asset_factory because it is a closure","logger":"great_expectations._docs_decorators","filename":"_docs_decorators.py","lineno":109}
{"timestamp":"2026-07-14T11:53:56.945092Z","level":"info","event":"Skipping registering function DataSourceManager._bind_asset_factory_method_if_not_present.<locals>._add_asset_factory because it is a closure","logger":"great_expectations._docs_decorators","filename":"_docs_decorators.py","lineno":109}
{"timestamp":"2026-07-14T11:53:56.945505Z","level":"info","event":"Skipping registering function DataSourceManager._bind_asset_factory_method_if_not_present.<locals>._add_asset_factory because it is a closure","logger":"great_expectations._docs_decorators","filename":"_docs_decorators.py","lineno":109}
{"timestamp":"2026-07-14T11:53:56.945797Z","level":"info","event":"Skipping registering function DataSourceManager._bind_asset_factory_method_if_not_present.<locals>._add_asset_factory because it is a closure","logger":"great_expectations._docs_decorators","filename":"_docs_decorators.py","lineno":109}
{"timestamp":"2026-07-14T11:53:56.946030Z","level":"info","event":"Skipping registering function DataSourceManager._bind_asset_factory_method_if_not_present.<locals>._add_asset_factory because it is a closure","logger":"great_expectations._docs_decorators","filename":"_docs_decorators.py","lineno":109}
{"timestamp":"2026-07-14T11:53:56.946291Z","level":"info","event":"Skipping registering function DataSourceManager._bind_asset_factory_method_if_not_present.<locals>._add_asset_factory because it is a closure","logger":"great_expectations._docs_decorators","filename":"_docs_decorators.py","lineno":109}
{"timestamp":"2026-07-14T11:53:56.946464Z","level":"info","event":"Skipping registering function DataSourceManager._bind_asset_factory_method_if_not_present.<locals>._add_asset_factory because it is a closure","logger":"great_expectations._docs_decorators","filename":"_docs_decorators.py","lineno":109}
{"timestamp":"2026-07-14T11:53:56.946620Z","level":"info","event":"Skipping registering function DataSourceManager._bind_asset_factory_method_if_not_present.<locals>._add_asset_factory because it is a closure","logger":"great_expectations._docs_decorators","filename":"_docs_decorators.py","lineno":109}
{"timestamp":"2026-07-14T11:53:56.946727Z","level":"info","event":"Skipping registering function DataSourceManager._register_add_datasource.<locals>.crud_method_info because it is a closure","logger":"great_expectations._docs_decorators","filename":"_docs_decorators.py","lineno":109}
{"timestamp":"2026-07-14T11:53:56.946863Z","level":"info","event":"Skipping registering function DataSourceManager._register_update_datasource.<locals>.crud_method_info because it is a closure","logger":"great_expectations._docs_decorators","filename":"_docs_decorators.py","lineno":109}
{"timestamp":"2026-07-14T11:53:56.946966Z","level":"info","event":"Skipping registering function DataSourceManager._register_add_or_update_datasource.<locals>.crud_method_info because it is a closure","logger":"great_expectations._docs_decorators","filename":"_docs_decorators.py","lineno":109}
{"timestamp":"2026-07-14T11:53:56.947063Z","level":"info","event":"Skipping registering function DataSourceManager._register_delete_datasource.<locals>.crud_method_info because it is a closure","logger":"great_expectations._docs_decorators","filename":"_docs_decorators.py","lineno":109}
{"timestamp":"2026-07-14T11:53:56.953703Z","level":"info","event":"Skipping registering function DataSourceManager._bind_asset_factory_method_if_not_present.<locals>._add_asset_factory because it is a closure","logger":"great_expectations._docs_decorators","filename":"_docs_decorators.py","lineno":109}
{"timestamp":"2026-07-14T11:53:56.954100Z","level":"info","event":"Skipping registering function DataSourceManager._bind_asset_factory_method_if_not_present.<locals>._add_asset_factory because it is a closure","logger":"great_expectations._docs_decorators","filename":"_docs_decorators.py","lineno":109}
{"timestamp":"2026-07-14T11:53:56.954408Z","level":"info","event":"Skipping registering function DataSourceManager._bind_asset_factory_method_if_not_present.<locals>._add_asset_factory because it is a closure","logger":"great_expectations._docs_decorators","filename":"_docs_decorators.py","lineno":109}
{"timestamp":"2026-07-14T11:53:56.954625Z","level":"info","event":"Skipping registering function DataSourceManager._bind_asset_factory_method_if_not_present.<locals>._add_asset_factory because it is a closure","logger":"great_expectations._docs_decorators","filename":"_docs_decorators.py","lineno":109}
{"timestamp":"2026-07-14T11:53:56.954867Z","level":"info","event":"Skipping registering function DataSourceManager._bind_asset_factory_method_if_not_present.<locals>._add_asset_factory because it is a closure","logger":"great_expectations._docs_decorators","filename":"_docs_decorators.py","lineno":109}
{"timestamp":"2026-07-14T11:53:56.955057Z","level":"info","event":"Skipping registering function DataSourceManager._bind_asset_factory_method_if_not_present.<locals>._add_asset_factory because it is a closure","logger":"great_expectations._docs_decorators","filename":"_docs_decorators.py","lineno":109}
{"timestamp":"2026-07-14T11:53:56.955282Z","level":"info","event":"Skipping registering function DataSourceManager._bind_asset_factory_method_if_not_present.<locals>._add_asset_factory because it is a closure","logger":"great_expectations._docs_decorators","filename":"_docs_decorators.py","lineno":109}
{"timestamp":"2026-07-14T11:53:56.955473Z","level":"info","event":"Skipping registering function DataSourceManager._bind_asset_factory_method_if_not_present.<locals>._add_asset_factory because it is a closure","logger":"great_expectations._docs_decorators","filename":"_docs_decorators.py","lineno":109}
{"timestamp":"2026-07-14T11:53:56.955661Z","level":"info","event":"Skipping registering function DataSourceManager._bind_asset_factory_method_if_not_present.<locals>._add_asset_factory because it is a closure","logger":"great_expectations._docs_decorators","filename":"_docs_decorators.py","lineno":109}
{"timestamp":"2026-07-14T11:53:56.955837Z","level":"info","event":"Skipping registering function DataSourceManager._bind_asset_factory_method_if_not_present.<locals>._add_asset_factory because it is a closure","logger":"great_expectations._docs_decorators","filename":"_docs_decorators.py","lineno":109}
{"timestamp":"2026-07-14T11:53:56.956011Z","level":"info","event":"Skipping registering function DataSourceManager._bind_asset_factory_method_if_not_present.<locals>._add_asset_factory because it is a closure","logger":"great_expectations._docs_decorators","filename":"_docs_decorators.py","lineno":109}
{"timestamp":"2026-07-14T11:53:56.956187Z","level":"info","event":"Skipping registering function DataSourceManager._bind_asset_factory_method_if_not_present.<locals>._add_asset_factory because it is a closure","logger":"great_expectations._docs_decorators","filename":"_docs_decorators.py","lineno":109}
{"timestamp":"2026-07-14T11:53:56.956302Z","level":"info","event":"Skipping registering function DataSourceManager._register_add_datasource.<locals>.crud_method_info because it is a closure","logger":"great_expectations._docs_decorators","filename":"_docs_decorators.py","lineno":109}
{"timestamp":"2026-07-14T11:53:56.956401Z","level":"info","event":"Skipping registering function DataSourceManager._register_update_datasource.<locals>.crud_method_info because it is a closure","logger":"great_expectations._docs_decorators","filename":"_docs_decorators.py","lineno":109}
{"timestamp":"2026-07-14T11:53:56.956502Z","level":"info","event":"Skipping registering function DataSourceManager._register_add_or_update_datasource.<locals>.crud_method_info because it is a closure","logger":"great_expectations._docs_decorators","filename":"_docs_decorators.py","lineno":109}
{"timestamp":"2026-07-14T11:53:56.956596Z","level":"info","event":"Skipping registering function DataSourceManager._register_delete_datasource.<locals>.crud_method_info because it is a closure","logger":"great_expectations._docs_decorators","filename":"_docs_decorators.py","lineno":109}
{"timestamp":"2026-07-14T11:53:56.962403Z","level":"info","event":"Skipping registering function DataSourceManager._bind_asset_factory_method_if_not_present.<locals>._add_asset_factory because it is a closure","logger":"great_expectations._docs_decorators","filename":"_docs_decorators.py","lineno":109}
{"timestamp":"2026-07-14T11:53:56.962650Z","level":"info","event":"Skipping registering function DataSourceManager._bind_asset_factory_method_if_not_present.<locals>._add_asset_factory because it is a closure","logger":"great_expectations._docs_decorators","filename":"_docs_decorators.py","lineno":109}
{"timestamp":"2026-07-14T11:53:56.962837Z","level":"info","event":"Skipping registering function DataSourceManager._bind_asset_factory_method_if_not_present.<locals>._add_asset_factory because it is a closure","logger":"great_expectations._docs_decorators","filename":"_docs_decorators.py","lineno":109}
{"timestamp":"2026-07-14T11:53:56.963050Z","level":"info","event":"Skipping registering function DataSourceManager._bind_asset_factory_method_if_not_present.<locals>._add_asset_factory because it is a closure","logger":"great_expectations._docs_decorators","filename":"_docs_decorators.py","lineno":109}
{"timestamp":"2026-07-14T11:53:56.963209Z","level":"info","event":"Skipping registering function DataSourceManager._bind_asset_factory_method_if_not_present.<locals>._add_asset_factory because it is a closure","logger":"great_expectations._docs_decorators","filename":"_docs_decorators.py","lineno":109}
{"timestamp":"2026-07-14T11:53:56.963371Z","level":"info","event":"Skipping registering function DataSourceManager._bind_asset_factory_method_if_not_present.<locals>._add_asset_factory because it is a closure","logger":"great_expectations._docs_decorators","filename":"_docs_decorators.py","lineno":109}
{"timestamp":"2026-07-14T11:53:56.963539Z","level":"info","event":"Skipping registering function DataSourceManager._bind_asset_factory_method_if_not_present.<locals>._add_asset_factory because it is a closure","logger":"great_expectations._docs_decorators","filename":"_docs_decorators.py","lineno":109}
{"timestamp":"2026-07-14T11:53:56.963712Z","level":"info","event":"Skipping registering function DataSourceManager._bind_asset_factory_method_if_not_present.<locals>._add_asset_factory because it is a closure","logger":"great_expectations._docs_decorators","filename":"_docs_decorators.py","lineno":109}
{"timestamp":"2026-07-14T11:53:56.964164Z","level":"info","event":"Skipping registering function DataSourceManager._bind_asset_factory_method_if_not_present.<locals>._add_asset_factory because it is a closure","logger":"great_expectations._docs_decorators","filename":"_docs_decorators.py","lineno":109}
{"timestamp":"2026-07-14T11:53:56.964401Z","level":"info","event":"Skipping registering function DataSourceManager._bind_asset_factory_method_if_not_present.<locals>._add_asset_factory because it is a closure","logger":"great_expectations._docs_decorators","filename":"_docs_decorators.py","lineno":109}
{"timestamp":"2026-07-14T11:53:56.964550Z","level":"info","event":"Skipping registering function DataSourceManager._bind_asset_factory_method_if_not_present.<locals>._add_asset_factory because it is a closure","logger":"great_expectations._docs_decorators","filename":"_docs_decorators.py","lineno":109}
{"timestamp":"2026-07-14T11:53:56.964728Z","level":"info","event":"Skipping registering function DataSourceManager._bind_asset_factory_method_if_not_present.<locals>._add_asset_factory because it is a closure","logger":"great_expectations._docs_decorators","filename":"_docs_decorators.py","lineno":109}
{"timestamp":"2026-07-14T11:53:56.964824Z","level":"info","event":"Skipping registering function DataSourceManager._register_add_datasource.<locals>.crud_method_info because it is a closure","logger":"great_expectations._docs_decorators","filename":"_docs_decorators.py","lineno":109}
{"timestamp":"2026-07-14T11:53:56.964932Z","level":"info","event":"Skipping registering function DataSourceManager._register_update_datasource.<locals>.crud_method_info because it is a closure","logger":"great_expectations._docs_decorators","filename":"_docs_decorators.py","lineno":109}
{"timestamp":"2026-07-14T11:53:56.965012Z","level":"info","event":"Skipping registering function DataSourceManager._register_add_or_update_datasource.<locals>.crud_method_info because it is a closure","logger":"great_expectations._docs_decorators","filename":"_docs_decorators.py","lineno":109}
{"timestamp":"2026-07-14T11:53:56.965086Z","level":"info","event":"Skipping registering function DataSourceManager._register_delete_datasource.<locals>.crud_method_info because it is a closure","logger":"great_expectations._docs_decorators","filename":"_docs_decorators.py","lineno":109}
{"timestamp":"2026-07-14T11:53:56.966191Z","level":"info","event":"Multiple declarations of metric column.standard_deviation for engine PandasExecutionEngine.","logger":"great_expectations.expectations.registry","filename":"registry.py","lineno":290}
{"timestamp":"2026-07-14T11:53:56.966365Z","level":"info","event":"Multiple declarations of metric column.standard_deviation.aggregate_fn for engine SparkDFExecutionEngine.","logger":"great_expectations.expectations.registry","filename":"registry.py","lineno":290}
{"timestamp":"2026-07-14T11:53:56.966482Z","level":"info","event":"Multiple declarations of metric column.standard_deviation for engine SparkDFExecutionEngine.","logger":"great_expectations.expectations.registry","filename":"registry.py","lineno":290}
{"timestamp":"2026-07-14T11:53:56.977129Z","level":"info","event":"Skipping registering function DataSourceManager._register_add_datasource.<locals>.crud_method_info because it is a closure","logger":"great_expectations._docs_decorators","filename":"_docs_decorators.py","lineno":109}
{"timestamp":"2026-07-14T11:53:56.977381Z","level":"info","event":"Skipping registering function DataSourceManager._register_update_datasource.<locals>.crud_method_info because it is a closure","logger":"great_expectations._docs_decorators","filename":"_docs_decorators.py","lineno":109}
{"timestamp":"2026-07-14T11:53:56.977500Z","level":"info","event":"Skipping registering function DataSourceManager._register_add_or_update_datasource.<locals>.crud_method_info because it is a closure","logger":"great_expectations._docs_decorators","filename":"_docs_decorators.py","lineno":109}
{"timestamp":"2026-07-14T11:53:56.977596Z","level":"info","event":"Skipping registering function DataSourceManager._register_delete_datasource.<locals>.crud_method_info because it is a closure","logger":"great_expectations._docs_decorators","filename":"_docs_decorators.py","lineno":109}
{"timestamp":"2026-07-14T11:53:56.986113Z","level":"info","event":"Skipping registering function DataSourceManager._register_add_datasource.<locals>.crud_method_info because it is a closure","logger":"great_expectations._docs_decorators","filename":"_docs_decorators.py","lineno":109}
{"timestamp":"2026-07-14T11:53:56.986285Z","level":"info","event":"Skipping registering function DataSourceManager._register_update_datasource.<locals>.crud_method_info because it is a closure","logger":"great_expectations._docs_decorators","filename":"_docs_decorators.py","lineno":109}
{"timestamp":"2026-07-14T11:53:56.986385Z","level":"info","event":"Skipping registering function DataSourceManager._register_add_or_update_datasource.<locals>.crud_method_info because it is a closure","logger":"great_expectations._docs_decorators","filename":"_docs_decorators.py","lineno":109}
{"timestamp":"2026-07-14T11:53:56.986474Z","level":"info","event":"Skipping registering function DataSourceManager._register_delete_datasource.<locals>.crud_method_info because it is a closure","logger":"great_expectations._docs_decorators","filename":"_docs_decorators.py","lineno":109}
{"timestamp":"2026-07-14T11:53:56.996361Z","level":"info","event":"Skipping registering function DataSourceManager._register_add_datasource.<locals>.crud_method_info because it is a closure","logger":"great_expectations._docs_decorators","filename":"_docs_decorators.py","lineno":109}
{"timestamp":"2026-07-14T11:53:56.996549Z","level":"info","event":"Skipping registering function DataSourceManager._register_update_datasource.<locals>.crud_method_info because it is a closure","logger":"great_expectations._docs_decorators","filename":"_docs_decorators.py","lineno":109}
{"timestamp":"2026-07-14T11:53:56.996653Z","level":"info","event":"Skipping registering function DataSourceManager._register_add_or_update_datasource.<locals>.crud_method_info because it is a closure","logger":"great_expectations._docs_decorators","filename":"_docs_decorators.py","lineno":109}
{"timestamp":"2026-07-14T11:53:56.996742Z","level":"info","event":"Skipping registering function DataSourceManager._register_delete_datasource.<locals>.crud_method_info because it is a closure","logger":"great_expectations._docs_decorators","filename":"_docs_decorators.py","lineno":109}
{"timestamp":"2026-07-14T11:53:57.060882Z","level":"warning","event":"The `airflow.decorators.dag` attribute is deprecated. Please use `'airflow.sdk.dag'`.","category":"UserWarning","filename":"/opt/airflow/dags/etl.py","lineno":8,"logger":"py.warnings"}
{"timestamp":"2026-07-14T11:53:57.061403Z","level":"warning","event":"The `airflow.decorators.task` attribute is deprecated. Please use `'airflow.sdk.task'`.","category":"UserWarning","filename":"/opt/airflow/dags/etl.py","lineno":8,"logger":"py.warnings"}
